<?xml version="1.0" encoding="UTF-8"?>
<testsuite name="tests.OfertaSemanalTest" tests="1" skipped="0" failures="0" errors="0" timestamp="2020-04-14T15:06:56" hostname="LAPTOP-FMKDBRLR" time="0.005">
  <properties/>
  <testcase name="openBrowser" classname="tests.OfertaSemanalTest" time="0.005"/>
  <system-out><![CDATA[quited
]]></system-out>
  <system-err><![CDATA[SLF4J: Failed to load class "org.slf4j.impl.StaticLoggerBinder".
SLF4J: Defaulting to no-operation (NOP) logger implementation
SLF4J: See http://www.slf4j.org/codes.html#StaticLoggerBinder for further details.
Starting ChromeDriver 81.0.4044.69 (6813546031a4bc83f717a2ef7cd4ac6ec1199132-refs/branch-heads/4044@{#776}) on port 4066
Only local connections are allowed.
Please protect ports used by ChromeDriver and related test frameworks to prevent access by malicious code.
Apr 14, 2020 12:06:54 PM org.openqa.selenium.remote.ProtocolHandshake createSession
INFO: Detected dialect: W3C
[1586876815.991][SEVERE]: Timed out receiving message from renderer: 0.100
[1586876816.098][SEVERE]: Timed out receiving message from renderer: 0.100
[1586876816.199][SEVERE]: Timed out receiving message from renderer: 0.100
[1586876816.324][SEVERE]: Timed out receiving message from renderer: 0.100
]]></system-err>
</testsuite>
