<?xml version="1.0" encoding="UTF-8"?>
<testsuite name="tests.OfertaSemanalTest" tests="1" skipped="0" failures="0" errors="0" timestamp="2020-04-28T19:06:35" hostname="LAPTOP-FMKDBRLR" time="6.062">
  <properties/>
  <testcase name="validateProductInformation" classname="tests.OfertaSemanalTest" time="6.062"/>
  <system-out><![CDATA[Oferta Semanal: 
Xiaomi Redmi Note 8 4/64 48mpx Cuatro Camaras + Funda Oferta
U$S
215
]]></system-out>
  <system-err><![CDATA[SLF4J: Failed to load class "org.slf4j.impl.StaticLoggerBinder".
SLF4J: Defaulting to no-operation (NOP) logger implementation
SLF4J: See http://www.slf4j.org/codes.html#StaticLoggerBinder for further details.
Starting ChromeDriver 81.0.4044.69 (6813546031a4bc83f717a2ef7cd4ac6ec1199132-refs/branch-heads/4044@{#776}) on port 47776
Only local connections are allowed.
Please protect ports used by ChromeDriver and related test frameworks to prevent access by malicious code.
Apr 28, 2020 4:06:33 PM org.openqa.selenium.remote.ProtocolHandshake createSession
INFO: Detected dialect: W3C
]]></system-err>
</testsuite>
